<?xml version="1.0" encoding="UTF-8"?>
<robot generator="Robot 6.1.1 (Python 3.9.7 on win32)" generated="20231128 22:22:55.596" rpa="false" schemaversion="4">
<suite id="s1" name="Portfolio" source="C:\Users\lahte\OneDrive\Documents\GitHub\ristoxxx.github.io\tests\Portfolio.robot">
<test id="s1-t1" name="Validte start page" line="17">
<kw name="Start web test" library="Common" type="SETUP">
<arg>${BROWSER}</arg>
<kw name="Open Browser" library="SeleniumLibrary">
<arg>about:blank</arg>
<arg>${BROWSER}</arg>
<doc>Opens a new browser instance to the optional ``url``.</doc>
<msg timestamp="20231128 22:22:55.832" level="INFO">Opening browser 'firefox' to base url 'about:blank'.</msg>
<status status="PASS" starttime="20231128 22:22:55.832" endtime="20231128 22:23:01.126"/>
</kw>
<status status="PASS" starttime="20231128 22:22:55.832" endtime="20231128 22:23:01.127"/>
</kw>
<kw name="Validte start page" library="Common">
<arg>${URL}</arg>
<kw name="Go To" library="SeleniumLibrary">
<arg>${URL}</arg>
<doc>Navigates the current browser window to the provided ``url``.</doc>
<msg timestamp="20231128 22:23:01.133" level="INFO">Opening url 'https://ristoxxx.github.io/'</msg>
<status status="PASS" starttime="20231128 22:23:01.132" endtime="20231128 22:23:01.303"/>
</kw>
<kw name="Wait Until Page Contains" library="SeleniumLibrary">
<arg>${KEY_TAG_START_PAGE}</arg>
<doc>Waits until ``text`` appears on the current page.</doc>
<status status="PASS" starttime="20231128 22:23:01.303" endtime="20231128 22:23:01.320"/>
</kw>
<status status="PASS" starttime="20231128 22:23:01.128" endtime="20231128 22:23:01.320"/>
</kw>
<kw name="End web test" library="Common" type="TEARDOWN">
<kw name="Sleep" library="BuiltIn">
<arg>2 s</arg>
<doc>Pauses the test executed for the given time.</doc>
<msg timestamp="20231128 22:23:03.322" level="INFO">Slept 2 seconds</msg>
<status status="PASS" starttime="20231128 22:23:01.322" endtime="20231128 22:23:03.323"/>
</kw>
<kw name="Close Browser" library="SeleniumLibrary">
<doc>Closes the current browser.</doc>
<status status="PASS" starttime="20231128 22:23:03.323" endtime="20231128 22:23:05.072"/>
</kw>
<status status="PASS" starttime="20231128 22:23:01.322" endtime="20231128 22:23:05.072"/>
</kw>
<doc>Test</doc>
<tag>Smoke</tag>
<status status="PASS" starttime="20231128 22:22:55.824" endtime="20231128 22:23:05.074"/>
</test>
<test id="s1-t2" name="Test github linki" line="22">
<kw name="Start web test" library="Common" type="SETUP">
<arg>${BROWSER}</arg>
<kw name="Open Browser" library="SeleniumLibrary">
<arg>about:blank</arg>
<arg>${BROWSER}</arg>
<doc>Opens a new browser instance to the optional ``url``.</doc>
<msg timestamp="20231128 22:23:05.077" level="INFO">Opening browser 'firefox' to base url 'about:blank'.</msg>
<status status="PASS" starttime="20231128 22:23:05.077" endtime="20231128 22:23:10.092"/>
</kw>
<status status="PASS" starttime="20231128 22:23:05.077" endtime="20231128 22:23:10.092"/>
</kw>
<kw name="Test github link" library="PortfolioApp">
<arg>${URL}</arg>
<kw name="Test github link" library="Footer">
<kw name="Go To" library="SeleniumLibrary">
<arg>${URL}</arg>
<doc>Navigates the current browser window to the provided ``url``.</doc>
<msg timestamp="20231128 22:23:10.092" level="INFO">Opening url 'https://ristoxxx.github.io/'</msg>
<status status="PASS" starttime="20231128 22:23:10.092" endtime="20231128 22:23:10.272"/>
</kw>
<kw name="Click Element" library="SeleniumLibrary">
<arg>xpath=/html/body/footer/div[1]/div/div/a[4]</arg>
<doc>Click the element identified by ``locator``.</doc>
<msg timestamp="20231128 22:23:10.273" level="INFO">Clicking element 'xpath=/html/body/footer/div[1]/div/div/a[4]'.</msg>
<status status="PASS" starttime="20231128 22:23:10.272" endtime="20231128 22:23:11.739"/>
</kw>
<kw name="Wait Until Page Contains" library="SeleniumLibrary">
<arg>ristoxxx</arg>
<doc>Waits until ``text`` appears on the current page.</doc>
<status status="PASS" starttime="20231128 22:23:11.739" endtime="20231128 22:23:11.778"/>
</kw>
<status status="PASS" starttime="20231128 22:23:10.092" endtime="20231128 22:23:11.778"/>
</kw>
<status status="PASS" starttime="20231128 22:23:10.092" endtime="20231128 22:23:11.778"/>
</kw>
<kw name="End web test" library="Common" type="TEARDOWN">
<kw name="Sleep" library="BuiltIn">
<arg>2 s</arg>
<doc>Pauses the test executed for the given time.</doc>
<msg timestamp="20231128 22:23:13.789" level="INFO">Slept 2 seconds</msg>
<status status="PASS" starttime="20231128 22:23:11.779" endtime="20231128 22:23:13.789"/>
</kw>
<kw name="Close Browser" library="SeleniumLibrary">
<doc>Closes the current browser.</doc>
<status status="PASS" starttime="20231128 22:23:13.790" endtime="20231128 22:23:15.630"/>
</kw>
<status status="PASS" starttime="20231128 22:23:11.779" endtime="20231128 22:23:15.630"/>
</kw>
<status status="PASS" starttime="20231128 22:23:05.077" endtime="20231128 22:23:15.632"/>
</test>
<doc>This is ristoxxx.github.io web page test suite</doc>
<status status="PASS" starttime="20231128 22:22:55.599" endtime="20231128 22:23:15.632"/>
</suite>
<statistics>
<total>
<stat pass="2" fail="0" skip="0">All Tests</stat>
</total>
<tag>
<stat pass="1" fail="0" skip="0">Smoke</stat>
</tag>
<suite>
<stat pass="2" fail="0" skip="0" id="s1" name="Portfolio">Portfolio</stat>
</suite>
</statistics>
<errors>
<msg timestamp="20231128 22:22:55.824" level="ERROR">Error in file 'C:\Users\lahte\OneDrive\Documents\GitHub\ristoxxx.github.io\Tests\Portfolio.robot' on line 7: Setting 'Test Setup' is not allowed in resource file.</msg>
<msg timestamp="20231128 22:22:55.824" level="ERROR">Error in file 'C:\Users\lahte\OneDrive\Documents\GitHub\ristoxxx.github.io\Tests\Portfolio.robot' on line 8: Setting 'Test Teardown' is not allowed in resource file.</msg>
<msg timestamp="20231128 22:22:55.824" level="ERROR">Error in file 'C:\Users\lahte\OneDrive\Documents\GitHub\ristoxxx.github.io\Resources\PO\Footer.robot' on line 3: Error in file 'C:\Users\lahte\OneDrive\Documents\GitHub\ristoxxx.github.io\Tests\Portfolio.robot' on line 16: Resource file with 'Test Cases' section is invalid.</msg>
</errors>
</robot>
