<?xml version="1.0" encoding="UTF-8"?>
<robot generator="Robot 6.1.1 (Python 3.9.7 on win32)" generated="20231128 00:40:17.164" rpa="false" schemaversion="4">
<suite id="s1" name="Portfolio" source="C:\Users\lahte\OneDrive\Documents\GitHub\ristoxxx.github.io\tests\Portfolio.robot">
<test id="s1-t1" name="User can use github link" line="18">
<kw name="Open and validate start page" library="Common" type="SETUP">
<kw name="Open Browser" library="SeleniumLibrary">
<arg>about:blank</arg>
<arg>${BROWSER}</arg>
<doc>Opens a new browser instance to the optional ``url``.</doc>
<msg timestamp="20231128 00:40:17.418" level="INFO">Opening browser 'firefox' to base url 'about:blank'.</msg>
<status status="PASS" starttime="20231128 00:40:17.418" endtime="20231128 00:40:22.523"/>
</kw>
<kw name="Log" library="BuiltIn">
<arg>open ${BROWSER} browser on epty page</arg>
<doc>Logs the given message with the given level.</doc>
<msg timestamp="20231128 00:40:22.523" level="INFO">open firefox browser on epty page</msg>
<status status="PASS" starttime="20231128 00:40:22.523" endtime="20231128 00:40:22.523"/>
</kw>
<kw name="Go To" library="SeleniumLibrary">
<arg>${URL}</arg>
<doc>Navigates the current browser window to the provided ``url``.</doc>
<msg timestamp="20231128 00:40:22.523" level="INFO">Opening url 'https://ristoxxx.github.io/'</msg>
<status status="PASS" starttime="20231128 00:40:22.523" endtime="20231128 00:40:22.904"/>
</kw>
<kw name="Log" library="BuiltIn">
<arg>navigate to ${URL}</arg>
<doc>Logs the given message with the given level.</doc>
<msg timestamp="20231128 00:40:22.914" level="INFO">navigate to https://ristoxxx.github.io/</msg>
<status status="PASS" starttime="20231128 00:40:22.913" endtime="20231128 00:40:22.914"/>
</kw>
<kw name="Wait Until Page Contains" library="SeleniumLibrary">
<arg>${KEY_TAG_START_PAGE}</arg>
<doc>Waits until ``text`` appears on the current page.</doc>
<status status="PASS" starttime="20231128 00:40:22.914" endtime="20231128 00:40:22.942"/>
</kw>
<status status="PASS" starttime="20231128 00:40:17.418" endtime="20231128 00:40:22.942"/>
</kw>
<kw name="Click Element" library="SeleniumLibrary">
<arg>xpath=/html/body/footer/div[1]/div/div/a[4]</arg>
<doc>Click the element identified by ``locator``.</doc>
<msg timestamp="20231128 00:40:22.942" level="INFO">Clicking element 'xpath=/html/body/footer/div[1]/div/div/a[4]'.</msg>
<status status="PASS" starttime="20231128 00:40:22.942" endtime="20231128 00:40:24.191"/>
</kw>
<kw name="Wait Until Page Contains" library="SeleniumLibrary">
<arg>ristoxxx</arg>
<doc>Waits until ``text`` appears on the current page.</doc>
<status status="PASS" starttime="20231128 00:40:24.192" endtime="20231128 00:40:24.239"/>
</kw>
<kw name="Close web test" library="Common" type="TEARDOWN">
<kw name="Sleep" library="BuiltIn">
<arg>3 s</arg>
<doc>Pauses the test executed for the given time.</doc>
<msg timestamp="20231128 00:40:27.257" level="INFO">Slept 3 seconds</msg>
<status status="PASS" starttime="20231128 00:40:24.241" endtime="20231128 00:40:27.257"/>
</kw>
<kw name="Close Browser" library="SeleniumLibrary">
<doc>Closes the current browser.</doc>
<status status="PASS" starttime="20231128 00:40:27.258" endtime="20231128 00:40:29.011"/>
</kw>
<status status="PASS" starttime="20231128 00:40:24.240" endtime="20231128 00:40:29.011"/>
</kw>
<doc>Test that Github link works</doc>
<tag>Smoke</tag>
<status status="PASS" starttime="20231128 00:40:17.418" endtime="20231128 00:40:29.011"/>
</test>
<doc>This is some basic info about the whole suite</doc>
<status status="PASS" starttime="20231128 00:40:17.167" endtime="20231128 00:40:29.011"/>
</suite>
<statistics>
<total>
<stat pass="1" fail="0" skip="0">All Tests</stat>
</total>
<tag>
<stat pass="1" fail="0" skip="0">Smoke</stat>
</tag>
<suite>
<stat pass="1" fail="0" skip="0" id="s1" name="Portfolio">Portfolio</stat>
</suite>
</statistics>
<errors>
<msg timestamp="20231128 00:40:17.418" level="WARN">Imported resource file 'C:\Users\lahte\OneDrive\Documents\GitHub\ristoxxx.github.io\Resources\PortfolioApp.robot' is empty.</msg>
</errors>
</robot>
